Using pre-set license
Built from '2020.3/staging' branch; Version is '2020.3.18f1 (a7d1c678663c) revision 10998214'; Using compiler version '192528614'; Build Type 'Release'
OS: 'Windows 10 Home; OS build 19043.1165; Version 2009; 64bit' Language: 'en' Physical Memory: 8034 MB
BatchMode: 1, IsHumanControllingUs: 0, StartBugReporterOnCrash: 0, Is64bit: 1, IsPro: 0

COMMAND LINE ARGUMENTS:
C:\Program Files\Unity\Hub\Editor\2020.3.18f1\Editor\Unity.exe
-adb2
-batchMode
-noUpm
-name
AssetImportWorker0
-projectPath
C:/Users/derpi/OneDrive/Desktop/Gdev 267/01-gettingstarted-g00283924
-logFile
Logs/AssetImportWorker0.log
-srvPort
50050
Successfully changed project path to: C:/Users/derpi/OneDrive/Desktop/Gdev 267/01-gettingstarted-g00283924
C:/Users/derpi/OneDrive/Desktop/Gdev 267/01-gettingstarted-g00283924
Using Asset Import Pipeline V2.
Refreshing native plugins compatible for Editor in 241.03 ms, found 1 plugins.
Preloading 0 native plugins for Editor in 0.00 ms.
Initialize engine version: 2020.3.18f1 (a7d1c678663c)
[Subsystems] Discovering subsystems at path C:/Program Files/Unity/Hub/Editor/2020.3.18f1/Editor/Data/Resources/UnitySubsystems
[Subsystems] Discovering subsystems at path C:/Users/derpi/OneDrive/Desktop/Gdev 267/01-gettingstarted-g00283924/Assets
GfxDevice: creating device client; threaded=0
Direct3D:
    Version:  Direct3D 11.0 [level 11.1]
    Renderer: NVIDIA GeForce GTX 1650 (ID=0x1f91)
    Vendor:   
    VRAM:     3962 MB
    Driver:   26.21.14.3190
Initialize mono
Mono path[0] = 'C:/Program Files/Unity/Hub/Editor/2020.3.18f1/Editor/Data/Managed'
Mono path[1] = 'C:/Program Files/Unity/Hub/Editor/2020.3.18f1/Editor/Data/MonoBleedingEdge/lib/mono/unityjit'
Mono config path = 'C:/Program Files/Unity/Hub/Editor/2020.3.18f1/Editor/Data/MonoBleedingEdge/etc'
Using monoOptions --debugger-agent=transport=dt_socket,embedding=1,server=y,suspend=n,address=127.0.0.1:56772
Begin MonoManager ReloadAssembly
Registering precompiled unity dll's ...
Register platform support module: C:/Program Files/Unity/Hub/Editor/2020.3.18f1/Editor/Data/PlaybackEngines/WindowsStandaloneSupport/UnityEditor.WindowsStandalone.Extensions.dll
Registered in 0.005434 seconds.
Native extension for WindowsStandalone target not found
Refreshing native plugins compatible for Editor in 253.86 ms, found 1 plugins.
Preloading 0 native plugins for Editor in 0.00 ms.
Mono: successfully reloaded assembly
- Completed reload, in  2.953 seconds
Domain Reload Profiling:
	ReloadAssembly (2954ms)
		BeginReloadAssembly (137ms)
			ExecutionOrderSort (0ms)
			DisableScriptedObjects (0ms)
			BackupInstance (0ms)
			ReleaseScriptingObjects (0ms)
			CreateAndSetChildDomain (2ms)
		EndReloadAssembly (1250ms)
			LoadAssemblies (131ms)
			RebuildTransferFunctionScriptingTraits (0ms)
			SetupTypeCache (368ms)
			ReleaseScriptCaches (0ms)
			RebuildScriptCaches (75ms)
			SetupLoadedEditorAssemblies (599ms)
				LogAssemblyErrors (0ms)
				InitializePlatformSupportModulesInManaged (10ms)
				SetLoadedEditorAssemblies (0ms)
				RefreshPlugins (254ms)
				BeforeProcessingInitializeOnLoad (35ms)
				ProcessInitializeOnLoadAttributes (233ms)
				ProcessInitializeOnLoadMethodAttributes (67ms)
				AfterProcessingInitializeOnLoad (0ms)
				EditorAssembliesLoaded (0ms)
			ExecutionOrderSort2 (0ms)
			AwakeInstancesAfterBackupRestoration (0ms)
Platform modules already initialized, skipping
Registering precompiled user dll's ...
Registered in 0.007104 seconds.
Begin MonoManager ReloadAssembly
Native extension for WindowsStandalone target not found
Refreshing native plugins compatible for Editor in 1.18 ms, found 1 plugins.
Preloading 0 native plugins for Editor in 0.00 ms.
Mono: successfully reloaded assembly
- Completed reload, in  3.306 seconds
Domain Reload Profiling:
	ReloadAssembly (3307ms)
		BeginReloadAssembly (443ms)
			ExecutionOrderSort (0ms)
			DisableScriptedObjects (11ms)
			BackupInstance (0ms)
			ReleaseScriptingObjects (0ms)
			CreateAndSetChildDomain (54ms)
		EndReloadAssembly (2689ms)
			LoadAssemblies (285ms)
			RebuildTransferFunctionScriptingTraits (0ms)
			SetupTypeCache (697ms)
			ReleaseScriptCaches (1ms)
			RebuildScriptCaches (141ms)
			SetupLoadedEditorAssemblies (1341ms)
				LogAssemblyErrors (0ms)
				InitializePlatformSupportModulesInManaged (13ms)
				SetLoadedEditorAssemblies (1ms)
				RefreshPlugins (1ms)
				BeforeProcessingInitializeOnLoad (322ms)
				ProcessInitializeOnLoadAttributes (962ms)
				ProcessInitializeOnLoadMethodAttributes (22ms)
				AfterProcessingInitializeOnLoad (19ms)
				EditorAssembliesLoaded (1ms)
			ExecutionOrderSort2 (0ms)
			AwakeInstancesAfterBackupRestoration (15ms)
Platform modules already initialized, skipping
========================================================================
Worker process is ready to serve import requests
Launched and connected shader compiler UnityShaderCompiler.exe after 0.12 seconds
Refreshing native plugins compatible for Editor in 1.03 ms, found 1 plugins.
Preloading 0 native plugins for Editor in 0.00 ms.
Unloading 3492 Unused Serialized files (Serialized files now loaded: 0)
System memory in use before: 134.0 MB.
System memory in use after: 134.2 MB.

Unloading 133 unused Assets to reduce memory usage. Loaded Objects now: 3921.
Total: 7.291300 ms (FindLiveObjects: 0.544200 ms CreateObjectMapping: 0.340700 ms MarkObjects: 5.950600 ms  DeleteObjects: 0.454200 ms)

AssetImportParameters requested are different than current active one (requested -> active):
  custom:framework-win-MediaFoundation: 216162199b28c13a410421893ffa2e32 -> 
  custom:video-decoder-ogg-theora: a1e56fd34408186e4bbccfd4996cb3dc -> 
  custom:container-muxer-webm: aa71ff27fc2769a1b78a27578f13a17b -> 
  custom:container-demuxer-webm: 4f35f7cbe854078d1ac9338744f61a02 -> 
  custom:container-demuxer-ogg: 62fdf1f143b41e24485cea50d1cbac27 -> 
  custom:video-encoder-webm-vp8: eb34c28f22e8b96e1ab97ce403110664 -> 
  custom:video-decoder-webm-vp8: 9c59270c3fd7afecdb556c50c9e8de78 -> 
  custom:audio-decoder-ogg-vorbis: bf7c407c2cedff20999df2af8eb42d56 -> 
  custom:audio-encoder-webm-vorbis: bf7c407c2cedff20999df2af8eb42d56 -> 
========================================================================
Received Import Request.
  path: Assets/Scenes/SampleScene.unity
  artifactKey: Guid(9fc0d4010bbf28b4594072e72b8655ab) Importer(815301076,1909f56bfc062723c751e8b465ee728b)
Start importing Assets/Scenes/SampleScene.unity using Guid(9fc0d4010bbf28b4594072e72b8655ab) Importer(815301076,1909f56bfc062723c751e8b465ee728b)  -> (artifact id: 'dcc088d1731b590f9572c6f2bab98c6a') in 0.017367 seconds 
  Import took 0.028262 seconds .

========================================================================
Received Import Request.
  Time since last request: 2.773203 seconds.
  path: Assets/Gizmos/Cinemachine
  artifactKey: Guid(8d16b957ee3a048fe92da40ce3bc3b3c) Importer(815301076,1909f56bfc062723c751e8b465ee728b)
Start importing Assets/Gizmos/Cinemachine using Guid(8d16b957ee3a048fe92da40ce3bc3b3c) Importer(815301076,1909f56bfc062723c751e8b465ee728b)  -> (artifact id: '5c66a179bccfc9f03e44ebe39276a30c') in 0.004105 seconds 
  Import took 0.012774 seconds .

========================================================================
Received Import Request.
  Time since last request: 0.001145 seconds.
  path: Assets/Gizmos/Cinemachine
  artifactKey: Guid(8d16b957ee3a048fe92da40ce3bc3b3c) Importer(815301076,1909f56bfc062723c751e8b465ee728b)
Start importing Assets/Gizmos/Cinemachine using Guid(8d16b957ee3a048fe92da40ce3bc3b3c) Importer(815301076,1909f56bfc062723c751e8b465ee728b)  -> (artifact id: '5c66a179bccfc9f03e44ebe39276a30c') in 0.003365 seconds 
  Import took 0.013407 seconds .

========================================================================
Received Import Request.
  Time since last request: 0.039604 seconds.
  path: Assets/Gizmos/Cinemachine/cm_logo_lg.png
  artifactKey: Guid(b65ce8fd0c73545c58ce514c66a01557) Importer(815301076,1909f56bfc062723c751e8b465ee728b)
Start importing Assets/Gizmos/Cinemachine/cm_logo_lg.png using Guid(b65ce8fd0c73545c58ce514c66a01557) Importer(815301076,1909f56bfc062723c751e8b465ee728b)  -> (artifact id: 'a96c32db98475247dcd283d00209b4a6') in 0.154847 seconds 
  Import took 0.165834 seconds .

========================================================================
Received Import Request.
  Time since last request: 2.542333 seconds.
  path: Assets/Polybrush Data/Brush Settings
  artifactKey: Guid(a9d4d9658d7ad0c438ecb5be2bd8f98c) Importer(815301076,1909f56bfc062723c751e8b465ee728b)
Start importing Assets/Polybrush Data/Brush Settings using Guid(a9d4d9658d7ad0c438ecb5be2bd8f98c) Importer(815301076,1909f56bfc062723c751e8b465ee728b)  -> (artifact id: 'e150acc1aab490fdf65f92078d259681') in 0.004013 seconds 
  Import took 0.020213 seconds .

========================================================================
Received Import Request.
  Time since last request: 0.067099 seconds.
  path: Assets/Polybrush Data/Brush Settings/BrushSettings-Default.asset
  artifactKey: Guid(eae09688da54da0448bbac6f80b4b684) Importer(815301076,1909f56bfc062723c751e8b465ee728b)
Start importing Assets/Polybrush Data/Brush Settings/BrushSettings-Default.asset using Guid(eae09688da54da0448bbac6f80b4b684) Importer(815301076,1909f56bfc062723c751e8b465ee728b)  -> (artifact id: '53a7bbfbf30b3acb5d35a2c7a27170ef') in 0.024228 seconds 
  Import took 0.037662 seconds .

========================================================================
Received Import Request.
  Time since last request: 73.151582 seconds.
  path: Assets/Scenes
  artifactKey: Guid(4f34ce343dd491849b6690594ef23ec3) Importer(815301076,1909f56bfc062723c751e8b465ee728b)
Start importing Assets/Scenes using Guid(4f34ce343dd491849b6690594ef23ec3) Importer(815301076,1909f56bfc062723c751e8b465ee728b)  -> (artifact id: 'f2ed96ffcf47f5d8a9b130361e976957') in 0.011769 seconds 
  Import took 0.033281 seconds .

========================================================================
Received Import Request.
  Time since last request: 0.002298 seconds.
  path: Assets/Scenes
  artifactKey: Guid(4f34ce343dd491849b6690594ef23ec3) Importer(815301076,1909f56bfc062723c751e8b465ee728b)
Start importing Assets/Scenes using Guid(4f34ce343dd491849b6690594ef23ec3) Importer(815301076,1909f56bfc062723c751e8b465ee728b)  -> (artifact id: 'f2ed96ffcf47f5d8a9b130361e976957') in 0.004928 seconds 
  Import took 0.018979 seconds .

========================================================================
Received Import Request.
  Time since last request: 6.070857 seconds.
  path: Assets/3DGameKit_Third-PartyNotice.txt
  artifactKey: Guid(702e43600f5616c4c985f8bf481a4c75) Importer(815301076,1909f56bfc062723c751e8b465ee728b)
Start importing Assets/3DGameKit_Third-PartyNotice.txt using Guid(702e43600f5616c4c985f8bf481a4c75) Importer(815301076,1909f56bfc062723c751e8b465ee728b)  -> (artifact id: '966cbf499403f149ebc8f7c895577658') in 0.017881 seconds 
  Import took 0.028745 seconds .

========================================================================
Received Import Request.
  Time since last request: 0.663534 seconds.
  path: Assets/3DGameKit_Third-PartyNotice.txt
  artifactKey: Guid(702e43600f5616c4c985f8bf481a4c75) Importer(815301076,1909f56bfc062723c751e8b465ee728b)
Start importing Assets/3DGameKit_Third-PartyNotice.txt using Guid(702e43600f5616c4c985f8bf481a4c75) Importer(815301076,1909f56bfc062723c751e8b465ee728b)  -> (artifact id: '966cbf499403f149ebc8f7c895577658') in 0.009331 seconds 
  Import took 0.028820 seconds .

========================================================================
Received Import Request.
  Time since last request: 5.838340 seconds.
  path: Assets/Polybrush Data
  artifactKey: Guid(b7a81dd9cad388144a467a35ce9fd2bc) Importer(815301076,1909f56bfc062723c751e8b465ee728b)
Start importing Assets/Polybrush Data using Guid(b7a81dd9cad388144a467a35ce9fd2bc) Importer(815301076,1909f56bfc062723c751e8b465ee728b)  -> (artifact id: '92549385803b117cf53f4b3cf1b54b54') in 0.004463 seconds 
  Import took 0.013163 seconds .

========================================================================
Received Import Request.
  Time since last request: 0.001085 seconds.
  path: Assets/Polybrush Data
  artifactKey: Guid(b7a81dd9cad388144a467a35ce9fd2bc) Importer(815301076,1909f56bfc062723c751e8b465ee728b)
Start importing Assets/Polybrush Data using Guid(b7a81dd9cad388144a467a35ce9fd2bc) Importer(815301076,1909f56bfc062723c751e8b465ee728b)  -> (artifact id: '92549385803b117cf53f4b3cf1b54b54') in 0.003071 seconds 
  Import took 0.012273 seconds .

========================================================================
Received Import Request.
  Time since last request: 1.956292 seconds.
  path: Assets/Gizmos
  artifactKey: Guid(bf2055cc3a5cd4c82a2871dbf5d0eff4) Importer(815301076,1909f56bfc062723c751e8b465ee728b)
Start importing Assets/Gizmos using Guid(bf2055cc3a5cd4c82a2871dbf5d0eff4) Importer(815301076,1909f56bfc062723c751e8b465ee728b)  -> (artifact id: 'd0a11d511052dd3208c1235f13db049c') in 0.004160 seconds 
  Import took 0.012174 seconds .

========================================================================
Received Import Request.
  Time since last request: 0.000849 seconds.
  path: Assets/Gizmos
  artifactKey: Guid(bf2055cc3a5cd4c82a2871dbf5d0eff4) Importer(815301076,1909f56bfc062723c751e8b465ee728b)
Start importing Assets/Gizmos using Guid(bf2055cc3a5cd4c82a2871dbf5d0eff4) Importer(815301076,1909f56bfc062723c751e8b465ee728b)  -> (artifact id: 'd0a11d511052dd3208c1235f13db049c') in 0.003789 seconds 
  Import took 0.014001 seconds .

========================================================================
Received Import Request.
  Time since last request: 11.187233 seconds.
  path: Assets
  artifactKey: Guid(00000000000000001000000000000000) Importer(815301076,1909f56bfc062723c751e8b465ee728b)
Start importing Assets using Guid(00000000000000001000000000000000) Importer(815301076,1909f56bfc062723c751e8b465ee728b)  -> (artifact id: '42d402b061de3733987d63b9cc3b64de') in 0.009339 seconds 
  Import took 0.022328 seconds .

========================================================================
Received Import Request.
  Time since last request: 7.257830 seconds.
  path: Assets/Materials
  artifactKey: Guid(5522483f293423742ac7eac644704687) Importer(815301076,1909f56bfc062723c751e8b465ee728b)
Start importing Assets/Materials using Guid(5522483f293423742ac7eac644704687) Importer(815301076,1909f56bfc062723c751e8b465ee728b)  -> (artifact id: 'a4bf2d2c26e47200305f4cbc8e0cc1ac') in 0.006916 seconds 
  Import took 0.026434 seconds .

========================================================================
Received Import Request.
  Time since last request: 9.236774 seconds.
  path: Assets/Materials/Ground.mat
  artifactKey: Guid(4737f38d7548be742a22e9ae9ca3becd) Importer(815301076,1909f56bfc062723c751e8b465ee728b)
Start importing Assets/Materials/Ground.mat using Guid(4737f38d7548be742a22e9ae9ca3becd) Importer(815301076,1909f56bfc062723c751e8b465ee728b)  -> (artifact id: '2c2344c5edb6f15dce233b98785ac4ea') in 0.157588 seconds 
  Import took 0.168659 seconds .

========================================================================
Received Import Request.
  Time since last request: 49.426304 seconds.
  path: Assets/Materials/Player.mat
  artifactKey: Guid(193716dc326766641bd0d3a92f7206ce) Importer(815301076,1909f56bfc062723c751e8b465ee728b)
Start importing Assets/Materials/Player.mat using Guid(193716dc326766641bd0d3a92f7206ce) Importer(815301076,1909f56bfc062723c751e8b465ee728b)  -> (artifact id: 'a2b1392dade7133fa4fa4150c3b9be93') in 0.018240 seconds 
  Import took 0.028437 seconds .

========================================================================
Received Prepare
Registering precompiled user dll's ...
Registered in 0.004216 seconds.
Begin MonoManager ReloadAssembly
Native extension for WindowsStandalone target not found
Refreshing native plugins compatible for Editor in 0.73 ms, found 1 plugins.
Preloading 0 native plugins for Editor in 0.00 ms.
Mono: successfully reloaded assembly
- Completed reload, in  0.985 seconds
Domain Reload Profiling:
	ReloadAssembly (986ms)
		BeginReloadAssembly (148ms)
			ExecutionOrderSort (0ms)
			DisableScriptedObjects (6ms)
			BackupInstance (0ms)
			ReleaseScriptingObjects (0ms)
			CreateAndSetChildDomain (38ms)
		EndReloadAssembly (753ms)
			LoadAssemblies (94ms)
			RebuildTransferFunctionScriptingTraits (0ms)
			SetupTypeCache (213ms)
			ReleaseScriptCaches (1ms)
			RebuildScriptCaches (36ms)
			SetupLoadedEditorAssemblies (285ms)
				LogAssemblyErrors (0ms)
				InitializePlatformSupportModulesInManaged (7ms)
				SetLoadedEditorAssemblies (1ms)
				RefreshPlugins (1ms)
				BeforeProcessingInitializeOnLoad (133ms)
				ProcessInitializeOnLoadAttributes (124ms)
				ProcessInitializeOnLoadMethodAttributes (6ms)
				AfterProcessingInitializeOnLoad (12ms)
				EditorAssembliesLoaded (0ms)
			ExecutionOrderSort2 (0ms)
			AwakeInstancesAfterBackupRestoration (11ms)
Platform modules already initialized, skipping
Refreshing native plugins compatible for Editor in 2.84 ms, found 1 plugins.
Preloading 0 native plugins for Editor in 0.00 ms.
Unloading 3708 Unused Serialized files (Serialized files now loaded: 0)
System memory in use before: 138.7 MB.
System memory in use after: 138.9 MB.

Unloading 7 unused Assets to reduce memory usage. Loaded Objects now: 4258.
Total: 8.198200 ms (FindLiveObjects: 0.803300 ms CreateObjectMapping: 0.516400 ms MarkObjects: 6.700600 ms  DeleteObjects: 0.174900 ms)

AssetImportParameters requested are different than current active one (requested -> active):
  custom:framework-win-MediaFoundation: 216162199b28c13a410421893ffa2e32 -> 
  custom:video-decoder-ogg-theora: a1e56fd34408186e4bbccfd4996cb3dc -> 
  custom:container-muxer-webm: aa71ff27fc2769a1b78a27578f13a17b -> 
  custom:container-demuxer-webm: 4f35f7cbe854078d1ac9338744f61a02 -> 
  custom:container-demuxer-ogg: 62fdf1f143b41e24485cea50d1cbac27 -> 
  custom:video-encoder-webm-vp8: eb34c28f22e8b96e1ab97ce403110664 -> 
  custom:video-decoder-webm-vp8: 9c59270c3fd7afecdb556c50c9e8de78 -> 
  custom:audio-decoder-ogg-vorbis: bf7c407c2cedff20999df2af8eb42d56 -> 
  custom:audio-encoder-webm-vorbis: bf7c407c2cedff20999df2af8eb42d56 -> 
AssetImportWorkerClient::OnTransportError - code=2 error=End of file
